python3 tools/make/check-for-submodules.py
arm-none-eabi-gcc -mthumb -mcpu=cortex-m0 -DHSI48_VALUE="((uint32_t)48000000)" -DSTM32F072xB -Iinc -Iinc/f0 -Ihal/stm32f0xx/Inc -IMiddlewares/ST/STM32_USB_Device_Library/Class/CDC/Inc -IMiddlewares/ST/STM32_USB_Device_Library/Core/Inc -Ilib/freertos/inc -Ivendor/libdw1000/inc -O3 -g3 -Wall -Wno-pointer-sign -std=gnu11 -ffunction-sections -fdata-sections   -c -o lib/freertos/src/list.o lib/freertos/src/list.c
arm-none-eabi-gcc -mthumb -mcpu=cortex-m0 -DHSI48_VALUE="((uint32_t)48000000)" -DSTM32F072xB -Iinc -Iinc/f0 -Ihal/stm32f0xx/Inc -IMiddlewares/ST/STM32_USB_Device_Library/Class/CDC/Inc -IMiddlewares/ST/STM32_USB_Device_Library/Core/Inc -Ilib/freertos/inc -Ivendor/libdw1000/inc -O3 -g3 -Wall -Wno-pointer-sign -std=gnu11 -ffunction-sections -fdata-sections   -c -o lib/freertos/src/queue.o lib/freertos/src/queue.c
arm-none-eabi-gcc -mthumb -mcpu=cortex-m0 -DHSI48_VALUE="((uint32_t)48000000)" -DSTM32F072xB -Iinc -Iinc/f0 -Ihal/stm32f0xx/Inc -IMiddlewares/ST/STM32_USB_Device_Library/Class/CDC/Inc -IMiddlewares/ST/STM32_USB_Device_Library/Core/Inc -Ilib/freertos/inc -Ivendor/libdw1000/inc -O3 -g3 -Wall -Wno-pointer-sign -std=gnu11 -ffunction-sections -fdata-sections   -c -o lib/freertos/src/timers.o lib/freertos/src/timers.c
arm-none-eabi-gcc -mthumb -mcpu=cortex-m0 -DHSI48_VALUE="((uint32_t)48000000)" -DSTM32F072xB -Iinc -Iinc/f0 -Ihal/stm32f0xx/Inc -IMiddlewares/ST/STM32_USB_Device_Library/Class/CDC/Inc -IMiddlewares/ST/STM32_USB_Device_Library/Core/Inc -Ilib/freertos/inc -Ivendor/libdw1000/inc -O3 -g3 -Wall -Wno-pointer-sign -std=gnu11 -ffunction-sections -fdata-sections   -c -o lib/freertos/src/tasks.o lib/freertos/src/tasks.c
arm-none-eabi-gcc -mthumb -mcpu=cortex-m0 -DHSI48_VALUE="((uint32_t)48000000)" -DSTM32F072xB -Iinc -Iinc/f0 -Ihal/stm32f0xx/Inc -IMiddlewares/ST/STM32_USB_Device_Library/Class/CDC/Inc -IMiddlewares/ST/STM32_USB_Device_Library/Core/Inc -Ilib/freertos/inc -Ivendor/libdw1000/inc -O3 -g3 -Wall -Wno-pointer-sign -std=gnu11 -ffunction-sections -fdata-sections   -c -o lib/freertos/src/port.o lib/freertos/src/port.c
arm-none-eabi-gcc -mthumb -mcpu=cortex-m0 -DHSI48_VALUE="((uint32_t)48000000)" -DSTM32F072xB -Iinc -Iinc/f0 -Ihal/stm32f0xx/Inc -IMiddlewares/ST/STM32_USB_Device_Library/Class/CDC/Inc -IMiddlewares/ST/STM32_USB_Device_Library/Core/Inc -Ilib/freertos/inc -Ivendor/libdw1000/inc -O3 -g3 -Wall -Wno-pointer-sign -std=gnu11 -ffunction-sections -fdata-sections   -c -o lib/freertos/src/event_groups.o lib/freertos/src/event_groups.c
arm-none-eabi-as   -o src/f0/startup_stm32f072xb.o src/f0/startup_stm32f072xb.s
arm-none-eabi-gcc -mthumb -mcpu=cortex-m0 -DHSI48_VALUE="((uint32_t)48000000)" -DSTM32F072xB -Iinc -Iinc/f0 -Ihal/stm32f0xx/Inc -IMiddlewares/ST/STM32_USB_Device_Library/Class/CDC/Inc -IMiddlewares/ST/STM32_USB_Device_Library/Core/Inc -Ilib/freertos/inc -Ivendor/libdw1000/inc -O3 -g3 -Wall -Wno-pointer-sign -std=gnu11 -ffunction-sections -fdata-sections   -c -o src/f0/system_stm32f0xx.o src/f0/system_stm32f0xx.c
arm-none-eabi-gcc -mthumb -mcpu=cortex-m0 -DHSI48_VALUE="((uint32_t)48000000)" -DSTM32F072xB -Iinc -Iinc/f0 -Ihal/stm32f0xx/Inc -IMiddlewares/ST/STM32_USB_Device_Library/Class/CDC/Inc -IMiddlewares/ST/STM32_USB_Device_Library/Core/Inc -Ilib/freertos/inc -Ivendor/libdw1000/inc -O3 -g3 -Wall -Wno-pointer-sign -std=gnu11 -ffunction-sections -fdata-sections   -c -o src/f0/stm32f0xx_it.o src/f0/stm32f0xx_it.c
arm-none-eabi-gcc -mthumb -mcpu=cortex-m0 -DHSI48_VALUE="((uint32_t)48000000)" -DSTM32F072xB -Iinc -Iinc/f0 -Ihal/stm32f0xx/Inc -IMiddlewares/ST/STM32_USB_Device_Library/Class/CDC/Inc -IMiddlewares/ST/STM32_USB_Device_Library/Core/Inc -Ilib/freertos/inc -Ivendor/libdw1000/inc -O3 -g3 -Wall -Wno-pointer-sign -std=gnu11 -ffunction-sections -fdata-sections   -c -o src/f0/stm32f0xx_hal_msp.o src/f0/stm32f0xx_hal_msp.c
arm-none-eabi-gcc -mthumb -mcpu=cortex-m0 -DHSI48_VALUE="((uint32_t)48000000)" -DSTM32F072xB -Iinc -Iinc/f0 -Ihal/stm32f0xx/Inc -IMiddlewares/ST/STM32_USB_Device_Library/Class/CDC/Inc -IMiddlewares/ST/STM32_USB_Device_Library/Core/Inc -Ilib/freertos/inc -Ivendor/libdw1000/inc -O3 -g3 -Wall -Wno-pointer-sign -std=gnu11 -ffunction-sections -fdata-sections   -c -o src/f0/gpio.o src/f0/gpio.c
arm-none-eabi-gcc -mthumb -mcpu=cortex-m0 -DHSI48_VALUE="((uint32_t)48000000)" -DSTM32F072xB -Iinc -Iinc/f0 -Ihal/stm32f0xx/Inc -IMiddlewares/ST/STM32_USB_Device_Library/Class/CDC/Inc -IMiddlewares/ST/STM32_USB_Device_Library/Core/Inc -Ilib/freertos/inc -Ivendor/libdw1000/inc -O3 -g3 -Wall -Wno-pointer-sign -std=gnu11 -ffunction-sections -fdata-sections   -c -o src/f0/i2c.o src/f0/i2c.c
arm-none-eabi-gcc -mthumb -mcpu=cortex-m0 -DHSI48_VALUE="((uint32_t)48000000)" -DSTM32F072xB -Iinc -Iinc/f0 -Ihal/stm32f0xx/Inc -IMiddlewares/ST/STM32_USB_Device_Library/Class/CDC/Inc -IMiddlewares/ST/STM32_USB_Device_Library/Core/Inc -Ilib/freertos/inc -Ivendor/libdw1000/inc -O3 -g3 -Wall -Wno-pointer-sign -std=gnu11 -ffunction-sections -fdata-sections   -c -o src/f0/spi.o src/f0/spi.c
arm-none-eabi-gcc -mthumb -mcpu=cortex-m0 -DHSI48_VALUE="((uint32_t)48000000)" -DSTM32F072xB -Iinc -Iinc/f0 -Ihal/stm32f0xx/Inc -IMiddlewares/ST/STM32_USB_Device_Library/Class/CDC/Inc -IMiddlewares/ST/STM32_USB_Device_Library/Core/Inc -Ilib/freertos/inc -Ivendor/libdw1000/inc -O3 -g3 -Wall -Wno-pointer-sign -std=gnu11 -ffunction-sections -fdata-sections   -c -o src/f0/system.o src/f0/system.c
arm-none-eabi-gcc -mthumb -mcpu=cortex-m0 -DHSI48_VALUE="((uint32_t)48000000)" -DSTM32F072xB -Iinc -Iinc/f0 -Ihal/stm32f0xx/Inc -IMiddlewares/ST/STM32_USB_Device_Library/Class/CDC/Inc -IMiddlewares/ST/STM32_USB_Device_Library/Core/Inc -Ilib/freertos/inc -Ivendor/libdw1000/inc -O3 -g3 -Wall -Wno-pointer-sign -std=gnu11 -ffunction-sections -fdata-sections   -c -o src/f0/usart.o src/f0/usart.c
arm-none-eabi-gcc -mthumb -mcpu=cortex-m0 -DHSI48_VALUE="((uint32_t)48000000)" -DSTM32F072xB -Iinc -Iinc/f0 -Ihal/stm32f0xx/Inc -IMiddlewares/ST/STM32_USB_Device_Library/Class/CDC/Inc -IMiddlewares/ST/STM32_USB_Device_Library/Core/Inc -Ilib/freertos/inc -Ivendor/libdw1000/inc -O3 -g3 -Wall -Wno-pointer-sign -std=gnu11 -ffunction-sections -fdata-sections   -c -o src/f0/usbd_conf.o src/f0/usbd_conf.c
arm-none-eabi-gcc -mthumb -mcpu=cortex-m0 -DHSI48_VALUE="((uint32_t)48000000)" -DSTM32F072xB -Iinc -Iinc/f0 -Ihal/stm32f0xx/Inc -IMiddlewares/ST/STM32_USB_Device_Library/Class/CDC/Inc -IMiddlewares/ST/STM32_USB_Device_Library/Core/Inc -Ilib/freertos/inc -Ivendor/libdw1000/inc -O3 -g3 -Wall -Wno-pointer-sign -std=gnu11 -ffunction-sections -fdata-sections   -c -o src/eeprom.o src/eeprom.c
arm-none-eabi-gcc -mthumb -mcpu=cortex-m0 -DHSI48_VALUE="((uint32_t)48000000)" -DSTM32F072xB -Iinc -Iinc/f0 -Ihal/stm32f0xx/Inc -IMiddlewares/ST/STM32_USB_Device_Library/Class/CDC/Inc -IMiddlewares/ST/STM32_USB_Device_Library/Core/Inc -Ilib/freertos/inc -Ivendor/libdw1000/inc -O3 -g3 -Wall -Wno-pointer-sign -std=gnu11 -ffunction-sections -fdata-sections   -c -o src/bootmode.o src/bootmode.c
arm-none-eabi-gcc -mthumb -mcpu=cortex-m0 -DHSI48_VALUE="((uint32_t)48000000)" -DSTM32F072xB -Iinc -Iinc/f0 -Ihal/stm32f0xx/Inc -IMiddlewares/ST/STM32_USB_Device_Library/Class/CDC/Inc -IMiddlewares/ST/STM32_USB_Device_Library/Core/Inc -Ilib/freertos/inc -Ivendor/libdw1000/inc -O3 -g3 -Wall -Wno-pointer-sign -std=gnu11 -ffunction-sections -fdata-sections   -c -o src/main.o src/main.c
arm-none-eabi-gcc -mthumb -mcpu=cortex-m0 -DHSI48_VALUE="((uint32_t)48000000)" -DSTM32F072xB -Iinc -Iinc/f0 -Ihal/stm32f0xx/Inc -IMiddlewares/ST/STM32_USB_Device_Library/Class/CDC/Inc -IMiddlewares/ST/STM32_USB_Device_Library/Core/Inc -Ilib/freertos/inc -Ivendor/libdw1000/inc -O3 -g3 -Wall -Wno-pointer-sign -std=gnu11 -ffunction-sections -fdata-sections   -c -o src/usb_device.o src/usb_device.c
arm-none-eabi-gcc -mthumb -mcpu=cortex-m0 -DHSI48_VALUE="((uint32_t)48000000)" -DSTM32F072xB -Iinc -Iinc/f0 -Ihal/stm32f0xx/Inc -IMiddlewares/ST/STM32_USB_Device_Library/Class/CDC/Inc -IMiddlewares/ST/STM32_USB_Device_Library/Core/Inc -Ilib/freertos/inc -Ivendor/libdw1000/inc -O3 -g3 -Wall -Wno-pointer-sign -std=gnu11 -ffunction-sections -fdata-sections   -c -o src/usbd_cdc_if.o src/usbd_cdc_if.c
arm-none-eabi-gcc -mthumb -mcpu=cortex-m0 -DHSI48_VALUE="((uint32_t)48000000)" -DSTM32F072xB -Iinc -Iinc/f0 -Ihal/stm32f0xx/Inc -IMiddlewares/ST/STM32_USB_Device_Library/Class/CDC/Inc -IMiddlewares/ST/STM32_USB_Device_Library/Core/Inc -Ilib/freertos/inc -Ivendor/libdw1000/inc -O3 -g3 -Wall -Wno-pointer-sign -std=gnu11 -ffunction-sections -fdata-sections   -c -o src/usbd_desc.o src/usbd_desc.c
arm-none-eabi-gcc -mthumb -mcpu=cortex-m0 -DHSI48_VALUE="((uint32_t)48000000)" -DSTM32F072xB -Iinc -Iinc/f0 -Ihal/stm32f0xx/Inc -IMiddlewares/ST/STM32_USB_Device_Library/Class/CDC/Inc -IMiddlewares/ST/STM32_USB_Device_Library/Core/Inc -Ilib/freertos/inc -Ivendor/libdw1000/inc -O3 -g3 -Wall -Wno-pointer-sign -std=gnu11 -ffunction-sections -fdata-sections   -c -o src/lps25h.o src/lps25h.c
arm-none-eabi-gcc -mthumb -mcpu=cortex-m0 -DHSI48_VALUE="((uint32_t)48000000)" -DSTM32F072xB -Iinc -Iinc/f0 -Ihal/stm32f0xx/Inc -IMiddlewares/ST/STM32_USB_Device_Library/Class/CDC/Inc -IMiddlewares/ST/STM32_USB_Device_Library/Core/Inc -Ilib/freertos/inc -Ivendor/libdw1000/inc -O3 -g3 -Wall -Wno-pointer-sign -std=gnu11 -ffunction-sections -fdata-sections   -c -o src/led.o src/led.c
arm-none-eabi-gcc -mthumb -mcpu=cortex-m0 -DHSI48_VALUE="((uint32_t)48000000)" -DSTM32F072xB -Iinc -Iinc/f0 -Ihal/stm32f0xx/Inc -IMiddlewares/ST/STM32_USB_Device_Library/Class/CDC/Inc -IMiddlewares/ST/STM32_USB_Device_Library/Core/Inc -Ilib/freertos/inc -Ivendor/libdw1000/inc -O3 -g3 -Wall -Wno-pointer-sign -std=gnu11 -ffunction-sections -fdata-sections   -c -o src/button.o src/button.c
arm-none-eabi-gcc -mthumb -mcpu=cortex-m0 -DHSI48_VALUE="((uint32_t)48000000)" -DSTM32F072xB -Iinc -Iinc/f0 -Ihal/stm32f0xx/Inc -IMiddlewares/ST/STM32_USB_Device_Library/Class/CDC/Inc -IMiddlewares/ST/STM32_USB_Device_Library/Core/Inc -Ilib/freertos/inc -Ivendor/libdw1000/inc -O3 -g3 -Wall -Wno-pointer-sign -std=gnu11 -ffunction-sections -fdata-sections   -c -o src/cfg.o src/cfg.c
arm-none-eabi-gcc -mthumb -mcpu=cortex-m0 -DHSI48_VALUE="((uint32_t)48000000)" -DSTM32F072xB -Iinc -Iinc/f0 -Ihal/stm32f0xx/Inc -IMiddlewares/ST/STM32_USB_Device_Library/Class/CDC/Inc -IMiddlewares/ST/STM32_USB_Device_Library/Core/Inc -Ilib/freertos/inc -Ivendor/libdw1000/inc -O3 -g3 -Wall -Wno-pointer-sign -std=gnu11 -ffunction-sections -fdata-sections   -c -o src/usbcomm.o src/usbcomm.c
arm-none-eabi-gcc -mthumb -mcpu=cortex-m0 -DHSI48_VALUE="((uint32_t)48000000)" -DSTM32F072xB -Iinc -Iinc/f0 -Ihal/stm32f0xx/Inc -IMiddlewares/ST/STM32_USB_Device_Library/Class/CDC/Inc -IMiddlewares/ST/STM32_USB_Device_Library/Core/Inc -Ilib/freertos/inc -Ivendor/libdw1000/inc -O3 -g3 -Wall -Wno-pointer-sign -std=gnu11 -ffunction-sections -fdata-sections   -c -o src/test_support.o src/test_support.c
In function 'bootload',
    inlined from 'handleMenuMain' at src/main.c:283:7,
    inlined from 'handleSerialInput' at src/main.c:410:7,
    inlined from 'main_task' at src/main.c:202:7:
src/main.c:645:23: warning: array subscript 0 is outside array bounds of 'uint32_t[0]' {aka 'long unsigned int[]'} [-Warray-bounds=]
  645 |     ((void (*)(void)) *((uint32_t*) 0x00000004))();
      |                       ^~~~~~~~~~~~~~~~~~~~~~~~~
In function 'main_task':
cc1: note: source object is likely at address zero
arm-none-eabi-gcc -mthumb -mcpu=cortex-m0 -DHSI48_VALUE="((uint32_t)48000000)" -DSTM32F072xB -Iinc -Iinc/f0 -Ihal/stm32f0xx/Inc -IMiddlewares/ST/STM32_USB_Device_Library/Class/CDC/Inc -IMiddlewares/ST/STM32_USB_Device_Library/Core/Inc -Ilib/freertos/inc -Ivendor/libdw1000/inc -O3 -g3 -Wall -Wno-pointer-sign -std=gnu11 -ffunction-sections -fdata-sections   -c -o src/production_test.o src/production_test.c
In file included from inc/f0/stm32f072xb.h:129,
                 from inc/f0/stm32f0xx.h:157,
                 from hal/stm32f0xx/Inc/stm32f0xx_hal_def.h:48,
                 from hal/stm32f0xx/Inc/stm32f0xx_hal_rcc.h:47,
                 from inc/f0/stm32f0xx_hal_conf.h:182,
                 from hal/stm32f0xx/Inc/stm32f0xx_hal.h:48,
                 from src/main.c:25:
In function 'bootload',
    inlined from 'handleMenuMain' at src/main.c:283:7,
    inlined from 'handleSerialInput' at src/main.c:410:7,
    inlined from 'main_task' at src/main.c:202:7:
inc/core_cm0.h:85:28: warning: listing the stack pointer register 'sp' in a clobber list is deprecated [-Wdeprecated]
   85 |   #define __ASM            __asm                                      /*!< asm keyword for GNU Compiler          */
      |                            ^~~~~
src/main.c:643:5: note: in expansion of macro '__ASM'
  643 |     __ASM volatile ("movs r3, #0\nldr r3, [r3, #0]\nMSR msp, r3\n" : : : "r3", "sp");
      |     ^~~~~
inc/core_cm0.h:85:28: note: the value of the stack pointer after an 'asm' statement must be the same as it was before the statement
   85 |   #define __ASM            __asm                                      /*!< asm keyword for GNU Compiler          */
      |                            ^~~~~
src/main.c:643:5: note: in expansion of macro '__ASM'
  643 |     __ASM volatile ("movs r3, #0\nldr r3, [r3, #0]\nMSR msp, r3\n" : : : "r3", "sp");
      |     ^~~~~
arm-none-eabi-gcc -mthumb -mcpu=cortex-m0 -DHSI48_VALUE="((uint32_t)48000000)" -DSTM32F072xB -Iinc -Iinc/f0 -Ihal/stm32f0xx/Inc -IMiddlewares/ST/STM32_USB_Device_Library/Class/CDC/Inc -IMiddlewares/ST/STM32_USB_Device_Library/Core/Inc -Ilib/freertos/inc -Ivendor/libdw1000/inc -O3 -g3 -Wall -Wno-pointer-sign -std=gnu11 -ffunction-sections -fdata-sections   -c -o src/uwb.o src/uwb.c
arm-none-eabi-gcc -mthumb -mcpu=cortex-m0 -DHSI48_VALUE="((uint32_t)48000000)" -DSTM32F072xB -Iinc -Iinc/f0 -Ihal/stm32f0xx/Inc -IMiddlewares/ST/STM32_USB_Device_Library/Class/CDC/Inc -IMiddlewares/ST/STM32_USB_Device_Library/Core/Inc -Ilib/freertos/inc -Ivendor/libdw1000/inc -O3 -g3 -Wall -Wno-pointer-sign -std=gnu11 -ffunction-sections -fdata-sections   -c -o src/uwb_twr_anchor.o src/uwb_twr_anchor.c
arm-none-eabi-gcc -mthumb -mcpu=cortex-m0 -DHSI48_VALUE="((uint32_t)48000000)" -DSTM32F072xB -Iinc -Iinc/f0 -Ihal/stm32f0xx/Inc -IMiddlewares/ST/STM32_USB_Device_Library/Class/CDC/Inc -IMiddlewares/ST/STM32_USB_Device_Library/Core/Inc -Ilib/freertos/inc -Ivendor/libdw1000/inc -O3 -g3 -Wall -Wno-pointer-sign -std=gnu11 -ffunction-sections -fdata-sections   -c -o src/uwb_sniffer.o src/uwb_sniffer.c
In file included from lib/freertos/inc/task.h:78,
                 from lib/freertos/src/tasks.c:81:
In function 'prvSearchForNameWithinSingleList',
    inlined from 'xTaskGetHandle' at lib/freertos/src/tasks.c:2296:14:
lib/freertos/inc/list.h:326:68: warning: array subscript 'ListItem_t {aka struct xLIST_ITEM}[0]' is partly outside array bounds of 'List_t[1]' {aka 'struct xLIST[1]'} [-Warray-bounds=]
  326 |                 ( pxConstList )->pxIndex = ( pxConstList )->pxIndex->pxNext;                                            \
      |                                            ~~~~~~~~~~~~~~~~~~~~~~~~^~~~~~~~
lib/freertos/src/tasks.c:2205:25: note: in expansion of macro 'listGET_OWNER_OF_NEXT_ENTRY'
 2205 |                         listGET_OWNER_OF_NEXT_ENTRY( pxFirstTCB, pxList );
      |                         ^~~~~~~~~~~~~~~~~~~~~~~~~~~
lib/freertos/src/tasks.c: In function 'xTaskGetHandle':
lib/freertos/src/tasks.c:391:39: note: at offset 8 into object 'xSuspendedTaskList' of size 20
  391 |         PRIVILEGED_DATA static List_t xSuspendedTaskList;                                       /*< Tasks that are currently suspended. */
      |                                       ^~~~~~~~~~~~~~~~~~
In function 'prvSearchForNameWithinSingleList',
    inlined from 'xTaskGetHandle' at lib/freertos/src/tasks.c:2296:14:
lib/freertos/inc/list.h:326:68: warning: array subscript 'ListItem_t {aka struct xLIST_ITEM}[0]' is partly outside array bounds of 'List_t[1]' {aka 'struct xLIST[1]'} [-Warray-bounds=]
  326 |                 ( pxConstList )->pxIndex = ( pxConstList )->pxIndex->pxNext;                                            \
      |                                            ~~~~~~~~~~~~~~~~~~~~~~~~^~~~~~~~
lib/freertos/src/tasks.c:2209:33: note: in expansion of macro 'listGET_OWNER_OF_NEXT_ENTRY'
 2209 |                                 listGET_OWNER_OF_NEXT_ENTRY( pxNextTCB, pxList );
      |                                 ^~~~~~~~~~~~~~~~~~~~~~~~~~~
lib/freertos/src/tasks.c: In function 'xTaskGetHandle':
lib/freertos/src/tasks.c:391:39: note: at offset 8 into object 'xSuspendedTaskList' of size 20
  391 |         PRIVILEGED_DATA static List_t xSuspendedTaskList;                                       /*< Tasks that are currently suspended. */
      |                                       ^~~~~~~~~~~~~~~~~~
In function 'prvSearchForNameWithinSingleList',
    inlined from 'xTaskGetHandle' at lib/freertos/src/tasks.c:2306:14:
lib/freertos/inc/list.h:326:68: warning: array subscript 'ListItem_t {aka struct xLIST_ITEM}[0]' is partly outside array bounds of 'List_t[1]' {aka 'struct xLIST[1]'} [-Warray-bounds=]
  326 |                 ( pxConstList )->pxIndex = ( pxConstList )->pxIndex->pxNext;                                            \
      |                                            ~~~~~~~~~~~~~~~~~~~~~~~~^~~~~~~~
lib/freertos/src/tasks.c:2205:25: note: in expansion of macro 'listGET_OWNER_OF_NEXT_ENTRY'
 2205 |                         listGET_OWNER_OF_NEXT_ENTRY( pxFirstTCB, pxList );
      |                         ^~~~~~~~~~~~~~~~~~~~~~~~~~~
lib/freertos/src/tasks.c: In function 'xTaskGetHandle':
lib/freertos/src/tasks.c:384:39: note: at offset 8 into object 'xTasksWaitingTermination' of size 20
  384 |         PRIVILEGED_DATA static List_t xTasksWaitingTermination;                         /*< Tasks that have been deleted - but their memory not yet freed. */
      |                                       ^~~~~~~~~~~~~~~~~~~~~~~~
In function 'prvSearchForNameWithinSingleList',
    inlined from 'xTaskGetHandle' at lib/freertos/src/tasks.c:2306:14:
lib/freertos/inc/list.h:326:68: warning: array subscript 'ListItem_t {aka struct xLIST_ITEM}[0]' is partly outside array bounds of 'List_t[1]' {aka 'struct xLIST[1]'} [-Warray-bounds=]
  326 |                 ( pxConstList )->pxIndex = ( pxConstList )->pxIndex->pxNext;                                            \
      |                                            ~~~~~~~~~~~~~~~~~~~~~~~~^~~~~~~~
lib/freertos/src/tasks.c:2209:33: note: in expansion of macro 'listGET_OWNER_OF_NEXT_ENTRY'
 2209 |                                 listGET_OWNER_OF_NEXT_ENTRY( pxNextTCB, pxList );
      |                                 ^~~~~~~~~~~~~~~~~~~~~~~~~~~
lib/freertos/src/tasks.c: In function 'xTaskGetHandle':
lib/freertos/src/tasks.c:384:39: note: at offset 8 into object 'xTasksWaitingTermination' of size 20
  384 |         PRIVILEGED_DATA static List_t xTasksWaitingTermination;                         /*< Tasks that have been deleted - but their memory not yet freed. */
      |                                       ^~~~~~~~~~~~~~~~~~~~~~~~
arm-none-eabi-gcc -mthumb -mcpu=cortex-m0 -DHSI48_VALUE="((uint32_t)48000000)" -DSTM32F072xB -Iinc -Iinc/f0 -Ihal/stm32f0xx/Inc -IMiddlewares/ST/STM32_USB_Device_Library/Class/CDC/Inc -IMiddlewares/ST/STM32_USB_Device_Library/Core/Inc -Ilib/freertos/inc -Ivendor/libdw1000/inc -O3 -g3 -Wall -Wno-pointer-sign -std=gnu11 -ffunction-sections -fdata-sections   -c -o src/uwb_twr_tag.o src/uwb_twr_tag.c
arm-none-eabi-gcc -mthumb -mcpu=cortex-m0 -DHSI48_VALUE="((uint32_t)48000000)" -DSTM32F072xB -Iinc -Iinc/f0 -Ihal/stm32f0xx/Inc -IMiddlewares/ST/STM32_USB_Device_Library/Class/CDC/Inc -IMiddlewares/ST/STM32_USB_Device_Library/Core/Inc -Ilib/freertos/inc -Ivendor/libdw1000/inc -O3 -g3 -Wall -Wno-pointer-sign -std=gnu11 -ffunction-sections -fdata-sections   -c -o src/lpp.o src/lpp.c
arm-none-eabi-gcc -mthumb -mcpu=cortex-m0 -DHSI48_VALUE="((uint32_t)48000000)" -DSTM32F072xB -Iinc -Iinc/f0 -Ihal/stm32f0xx/Inc -IMiddlewares/ST/STM32_USB_Device_Library/Class/CDC/Inc -IMiddlewares/ST/STM32_USB_Device_Library/Core/Inc -Ilib/freertos/inc -Ivendor/libdw1000/inc -O3 -g3 -Wall -Wno-pointer-sign -std=gnu11 -ffunction-sections -fdata-sections   -c -o src/uwb_tdoa_anchor2.o src/uwb_tdoa_anchor2.c
arm-none-eabi-gcc -mthumb -mcpu=cortex-m0 -DHSI48_VALUE="((uint32_t)48000000)" -DSTM32F072xB -Iinc -Iinc/f0 -Ihal/stm32f0xx/Inc -IMiddlewares/ST/STM32_USB_Device_Library/Class/CDC/Inc -IMiddlewares/ST/STM32_USB_Device_Library/Core/Inc -Ilib/freertos/inc -Ivendor/libdw1000/inc -O3 -g3 -Wall -Wno-pointer-sign -std=gnu11 -ffunction-sections -fdata-sections   -c -o src/uwb_tdoa_anchor3.o src/uwb_tdoa_anchor3.c
arm-none-eabi-gcc -mthumb -mcpu=cortex-m0 -DHSI48_VALUE="((uint32_t)48000000)" -DSTM32F072xB -Iinc -Iinc/f0 -Ihal/stm32f0xx/Inc -IMiddlewares/ST/STM32_USB_Device_Library/Class/CDC/Inc -IMiddlewares/ST/STM32_USB_Device_Library/Core/Inc -Ilib/freertos/inc -Ivendor/libdw1000/inc -O3 -g3 -Wall -Wno-pointer-sign -std=gnu11 -ffunction-sections -fdata-sections   -c -o hal/stm32f0xx/Src/stm32f0xx_hal_i2c_ex.o hal/stm32f0xx/Src/stm32f0xx_hal_i2c_ex.c
arm-none-eabi-gcc -mthumb -mcpu=cortex-m0 -DHSI48_VALUE="((uint32_t)48000000)" -DSTM32F072xB -Iinc -Iinc/f0 -Ihal/stm32f0xx/Inc -IMiddlewares/ST/STM32_USB_Device_Library/Class/CDC/Inc -IMiddlewares/ST/STM32_USB_Device_Library/Core/Inc -Ilib/freertos/inc -Ivendor/libdw1000/inc -O3 -g3 -Wall -Wno-pointer-sign -std=gnu11 -ffunction-sections -fdata-sections   -c -o hal/stm32f0xx/Src/stm32f0xx_hal_gpio.o hal/stm32f0xx/Src/stm32f0xx_hal_gpio.c
src/lpp.c: In function 'lppHandleShortPacket':
src/lpp.c:61:44: warning: taking address of packed member of 'struct lppShortAnchorPosition_s' may result in an unaligned pointer value [-Waddress-of-packed-member]
   61 |       cfgWriteFP32list(cfgAnchorPos, newpos->position, 3);
      |                                      ~~~~~~^~~~~~~~~~
arm-none-eabi-gcc -mthumb -mcpu=cortex-m0 -DHSI48_VALUE="((uint32_t)48000000)" -DSTM32F072xB -Iinc -Iinc/f0 -Ihal/stm32f0xx/Inc -IMiddlewares/ST/STM32_USB_Device_Library/Class/CDC/Inc -IMiddlewares/ST/STM32_USB_Device_Library/Core/Inc -Ilib/freertos/inc -Ivendor/libdw1000/inc -O3 -g3 -Wall -Wno-pointer-sign -std=gnu11 -ffunction-sections -fdata-sections   -c -o hal/stm32f0xx/Src/stm32f0xx_hal_rcc.o hal/stm32f0xx/Src/stm32f0xx_hal_rcc.c
arm-none-eabi-gcc -mthumb -mcpu=cortex-m0 -DHSI48_VALUE="((uint32_t)48000000)" -DSTM32F072xB -Iinc -Iinc/f0 -Ihal/stm32f0xx/Inc -IMiddlewares/ST/STM32_USB_Device_Library/Class/CDC/Inc -IMiddlewares/ST/STM32_USB_Device_Library/Core/Inc -Ilib/freertos/inc -Ivendor/libdw1000/inc -O3 -g3 -Wall -Wno-pointer-sign -std=gnu11 -ffunction-sections -fdata-sections   -c -o hal/stm32f0xx/Src/stm32f0xx_hal_cortex.o hal/stm32f0xx/Src/stm32f0xx_hal_cortex.c
arm-none-eabi-gcc -mthumb -mcpu=cortex-m0 -DHSI48_VALUE="((uint32_t)48000000)" -DSTM32F072xB -Iinc -Iinc/f0 -Ihal/stm32f0xx/Inc -IMiddlewares/ST/STM32_USB_Device_Library/Class/CDC/Inc -IMiddlewares/ST/STM32_USB_Device_Library/Core/Inc -Ilib/freertos/inc -Ivendor/libdw1000/inc -O3 -g3 -Wall -Wno-pointer-sign -std=gnu11 -ffunction-sections -fdata-sections   -c -o hal/stm32f0xx/Src/stm32f0xx_hal_i2c.o hal/stm32f0xx/Src/stm32f0xx_hal_i2c.c
arm-none-eabi-gcc -mthumb -mcpu=cortex-m0 -DHSI48_VALUE="((uint32_t)48000000)" -DSTM32F072xB -Iinc -Iinc/f0 -Ihal/stm32f0xx/Inc -IMiddlewares/ST/STM32_USB_Device_Library/Class/CDC/Inc -IMiddlewares/ST/STM32_USB_Device_Library/Core/Inc -Ilib/freertos/inc -Ivendor/libdw1000/inc -O3 -g3 -Wall -Wno-pointer-sign -std=gnu11 -ffunction-sections -fdata-sections   -c -o hal/stm32f0xx/Src/stm32f0xx_hal_pcd.o hal/stm32f0xx/Src/stm32f0xx_hal_pcd.c
arm-none-eabi-gcc -mthumb -mcpu=cortex-m0 -DHSI48_VALUE="((uint32_t)48000000)" -DSTM32F072xB -Iinc -Iinc/f0 -Ihal/stm32f0xx/Inc -IMiddlewares/ST/STM32_USB_Device_Library/Class/CDC/Inc -IMiddlewares/ST/STM32_USB_Device_Library/Core/Inc -Ilib/freertos/inc -Ivendor/libdw1000/inc -O3 -g3 -Wall -Wno-pointer-sign -std=gnu11 -ffunction-sections -fdata-sections   -c -o hal/stm32f0xx/Src/stm32f0xx_hal_dma.o hal/stm32f0xx/Src/stm32f0xx_hal_dma.c
arm-none-eabi-gcc -mthumb -mcpu=cortex-m0 -DHSI48_VALUE="((uint32_t)48000000)" -DSTM32F072xB -Iinc -Iinc/f0 -Ihal/stm32f0xx/Inc -IMiddlewares/ST/STM32_USB_Device_Library/Class/CDC/Inc -IMiddlewares/ST/STM32_USB_Device_Library/Core/Inc -Ilib/freertos/inc -Ivendor/libdw1000/inc -O3 -g3 -Wall -Wno-pointer-sign -std=gnu11 -ffunction-sections -fdata-sections   -c -o hal/stm32f0xx/Src/stm32f0xx_hal_pcd_ex.o hal/stm32f0xx/Src/stm32f0xx_hal_pcd_ex.c
arm-none-eabi-gcc -mthumb -mcpu=cortex-m0 -DHSI48_VALUE="((uint32_t)48000000)" -DSTM32F072xB -Iinc -Iinc/f0 -Ihal/stm32f0xx/Inc -IMiddlewares/ST/STM32_USB_Device_Library/Class/CDC/Inc -IMiddlewares/ST/STM32_USB_Device_Library/Core/Inc -Ilib/freertos/inc -Ivendor/libdw1000/inc -O3 -g3 -Wall -Wno-pointer-sign -std=gnu11 -ffunction-sections -fdata-sections   -c -o hal/stm32f0xx/Src/stm32f0xx_hal_rcc_ex.o hal/stm32f0xx/Src/stm32f0xx_hal_rcc_ex.c
arm-none-eabi-gcc -mthumb -mcpu=cortex-m0 -DHSI48_VALUE="((uint32_t)48000000)" -DSTM32F072xB -Iinc -Iinc/f0 -Ihal/stm32f0xx/Inc -IMiddlewares/ST/STM32_USB_Device_Library/Class/CDC/Inc -IMiddlewares/ST/STM32_USB_Device_Library/Core/Inc -Ilib/freertos/inc -Ivendor/libdw1000/inc -O3 -g3 -Wall -Wno-pointer-sign -std=gnu11 -ffunction-sections -fdata-sections   -c -o hal/stm32f0xx/Src/stm32f0xx_hal_spi.o hal/stm32f0xx/Src/stm32f0xx_hal_spi.c
arm-none-eabi-gcc -mthumb -mcpu=cortex-m0 -DHSI48_VALUE="((uint32_t)48000000)" -DSTM32F072xB -Iinc -Iinc/f0 -Ihal/stm32f0xx/Inc -IMiddlewares/ST/STM32_USB_Device_Library/Class/CDC/Inc -IMiddlewares/ST/STM32_USB_Device_Library/Core/Inc -Ilib/freertos/inc -Ivendor/libdw1000/inc -O3 -g3 -Wall -Wno-pointer-sign -std=gnu11 -ffunction-sections -fdata-sections   -c -o hal/stm32f0xx/Src/stm32f0xx_hal_uart.o hal/stm32f0xx/Src/stm32f0xx_hal_uart.c
arm-none-eabi-gcc -mthumb -mcpu=cortex-m0 -DHSI48_VALUE="((uint32_t)48000000)" -DSTM32F072xB -Iinc -Iinc/f0 -Ihal/stm32f0xx/Inc -IMiddlewares/ST/STM32_USB_Device_Library/Class/CDC/Inc -IMiddlewares/ST/STM32_USB_Device_Library/Core/Inc -Ilib/freertos/inc -Ivendor/libdw1000/inc -O3 -g3 -Wall -Wno-pointer-sign -std=gnu11 -ffunction-sections -fdata-sections   -c -o hal/stm32f0xx/Src/stm32f0xx_hal_pwr.o hal/stm32f0xx/Src/stm32f0xx_hal_pwr.c
arm-none-eabi-gcc -mthumb -mcpu=cortex-m0 -DHSI48_VALUE="((uint32_t)48000000)" -DSTM32F072xB -Iinc -Iinc/f0 -Ihal/stm32f0xx/Inc -IMiddlewares/ST/STM32_USB_Device_Library/Class/CDC/Inc -IMiddlewares/ST/STM32_USB_Device_Library/Core/Inc -Ilib/freertos/inc -Ivendor/libdw1000/inc -O3 -g3 -Wall -Wno-pointer-sign -std=gnu11 -ffunction-sections -fdata-sections   -c -o hal/stm32f0xx/Src/stm32f0xx_hal.o hal/stm32f0xx/Src/stm32f0xx_hal.c
arm-none-eabi-gcc -mthumb -mcpu=cortex-m0 -DHSI48_VALUE="((uint32_t)48000000)" -DSTM32F072xB -Iinc -Iinc/f0 -Ihal/stm32f0xx/Inc -IMiddlewares/ST/STM32_USB_Device_Library/Class/CDC/Inc -IMiddlewares/ST/STM32_USB_Device_Library/Core/Inc -Ilib/freertos/inc -Ivendor/libdw1000/inc -O3 -g3 -Wall -Wno-pointer-sign -std=gnu11 -ffunction-sections -fdata-sections   -c -o Middlewares/ST/STM32_USB_Device_Library/Core/Src/usbd_core.o Middlewares/ST/STM32_USB_Device_Library/Core/Src/usbd_core.c
arm-none-eabi-gcc -mthumb -mcpu=cortex-m0 -DHSI48_VALUE="((uint32_t)48000000)" -DSTM32F072xB -Iinc -Iinc/f0 -Ihal/stm32f0xx/Inc -IMiddlewares/ST/STM32_USB_Device_Library/Class/CDC/Inc -IMiddlewares/ST/STM32_USB_Device_Library/Core/Inc -Ilib/freertos/inc -Ivendor/libdw1000/inc -O3 -g3 -Wall -Wno-pointer-sign -std=gnu11 -ffunction-sections -fdata-sections   -c -o Middlewares/ST/STM32_USB_Device_Library/Core/Src/usbd_ctlreq.o Middlewares/ST/STM32_USB_Device_Library/Core/Src/usbd_ctlreq.c
arm-none-eabi-gcc -mthumb -mcpu=cortex-m0 -DHSI48_VALUE="((uint32_t)48000000)" -DSTM32F072xB -Iinc -Iinc/f0 -Ihal/stm32f0xx/Inc -IMiddlewares/ST/STM32_USB_Device_Library/Class/CDC/Inc -IMiddlewares/ST/STM32_USB_Device_Library/Core/Inc -Ilib/freertos/inc -Ivendor/libdw1000/inc -O3 -g3 -Wall -Wno-pointer-sign -std=gnu11 -ffunction-sections -fdata-sections   -c -o Middlewares/ST/STM32_USB_Device_Library/Core/Src/usbd_ioreq.o Middlewares/ST/STM32_USB_Device_Library/Core/Src/usbd_ioreq.c
arm-none-eabi-gcc -mthumb -mcpu=cortex-m0 -DHSI48_VALUE="((uint32_t)48000000)" -DSTM32F072xB -Iinc -Iinc/f0 -Ihal/stm32f0xx/Inc -IMiddlewares/ST/STM32_USB_Device_Library/Class/CDC/Inc -IMiddlewares/ST/STM32_USB_Device_Library/Core/Inc -Ilib/freertos/inc -Ivendor/libdw1000/inc -O3 -g3 -Wall -Wno-pointer-sign -std=gnu11 -ffunction-sections -fdata-sections   -c -o Middlewares/ST/STM32_USB_Device_Library/Class/CDC/Src/usbd_cdc.o Middlewares/ST/STM32_USB_Device_Library/Class/CDC/Src/usbd_cdc.c
arm-none-eabi-gcc -mthumb -mcpu=cortex-m0 -DHSI48_VALUE="((uint32_t)48000000)" -DSTM32F072xB -Iinc -Iinc/f0 -Ihal/stm32f0xx/Inc -IMiddlewares/ST/STM32_USB_Device_Library/Class/CDC/Inc -IMiddlewares/ST/STM32_USB_Device_Library/Core/Inc -Ilib/freertos/inc -Ivendor/libdw1000/inc -O3 -g3 -Wall -Wno-pointer-sign -std=gnu11 -ffunction-sections -fdata-sections   -c -o vendor/libdw1000/src/libdw1000.o vendor/libdw1000/src/libdw1000.c
arm-none-eabi-gcc -mthumb -mcpu=cortex-m0 -DHSI48_VALUE="((uint32_t)48000000)" -DSTM32F072xB -Iinc -Iinc/f0 -Ihal/stm32f0xx/Inc -IMiddlewares/ST/STM32_USB_Device_Library/Class/CDC/Inc -IMiddlewares/ST/STM32_USB_Device_Library/Core/Inc -Ilib/freertos/inc -Ivendor/libdw1000/inc -O3 -g3 -Wall -Wno-pointer-sign -std=gnu11 -ffunction-sections -fdata-sections   -c -o vendor/libdw1000/src/libdw1000Spi.o vendor/libdw1000/src/libdw1000Spi.c
arm-none-eabi-gcc -mthumb -mcpu=cortex-m0 -DHSI48_VALUE="((uint32_t)48000000)" -DSTM32F072xB -Iinc -Iinc/f0 -Ihal/stm32f0xx/Inc -IMiddlewares/ST/STM32_USB_Device_Library/Class/CDC/Inc -IMiddlewares/ST/STM32_USB_Device_Library/Core/Inc -Ilib/freertos/inc -Ivendor/libdw1000/inc -O3 -g3 -Wall -Wno-pointer-sign -std=gnu11 -ffunction-sections -fdata-sections   -c -o src/dwOps.o src/dwOps.c
arm-none-eabi-gcc -o bin/lps-node-firmware.elf lib/freertos/src/list.o lib/freertos/src/queue.o lib/freertos/src/timers.o lib/freertos/src/tasks.o lib/freertos/src/port.o lib/freertos/src/event_groups.o src/f0/startup_stm32f072xb.o src/f0/system_stm32f0xx.o src/f0/stm32f0xx_it.o src/f0/stm32f0xx_hal_msp.o src/f0/gpio.o src/f0/i2c.o src/f0/spi.o src/f0/system.o src/f0/usart.o src/f0/usbd_conf.o src/eeprom.o src/bootmode.o src/main.o src/usb_device.o src/usbd_cdc_if.o src/usbd_desc.o src/lps25h.o src/led.o src/button.o src/cfg.o src/usbcomm.o src/test_support.o src/production_test.o src/uwb.o src/uwb_twr_anchor.o src/uwb_sniffer.o src/uwb_twr_tag.o src/lpp.o src/uwb_tdoa_anchor2.o src/uwb_tdoa_anchor3.o hal/stm32f0xx/Src/stm32f0xx_hal_i2c_ex.o hal/stm32f0xx/Src/stm32f0xx_hal_gpio.o hal/stm32f0xx/Src/stm32f0xx_hal_rcc.o hal/stm32f0xx/Src/stm32f0xx_hal_cortex.o hal/stm32f0xx/Src/stm32f0xx_hal_i2c.o hal/stm32f0xx/Src/stm32f0xx_hal_pcd.o hal/stm32f0xx/Src/stm32f0xx_hal_dma.o hal/stm32f0xx/Src/stm32f0xx_hal_pcd_ex.o hal/stm32f0xx/Src/stm32f0xx_hal_rcc_ex.o hal/stm32f0xx/Src/stm32f0xx_hal_spi.o hal/stm32f0xx/Src/stm32f0xx_hal_uart.o hal/stm32f0xx/Src/stm32f0xx_hal_pwr.o hal/stm32f0xx/Src/stm32f0xx_hal.o Middlewares/ST/STM32_USB_Device_Library/Core/Src/usbd_core.o Middlewares/ST/STM32_USB_Device_Library/Core/Src/usbd_ctlreq.o Middlewares/ST/STM32_USB_Device_Library/Core/Src/usbd_ioreq.o Middlewares/ST/STM32_USB_Device_Library/Class/CDC/Src/usbd_cdc.o vendor/libdw1000/src/libdw1000.o vendor/libdw1000/src/libdw1000Spi.o src/dwOps.o -mthumb -mcpu=cortex-m0 -DHSI48_VALUE="((uint32_t)48000000)" -DSTM32F072xB --specs=nano.specs --specs=nosys.specs -lm -lc -u _printf_float -Ttools/make/stm32f072.ld -Wl,-Map=bin/.map,--cref,--gc-sections
/usr/lib/gcc/arm-none-eabi/14.2.1/../../../arm-none-eabi/bin/ld: /usr/lib/gcc/arm-none-eabi/14.2.1/../../../arm-none-eabi/lib/thumb/v6-m/nofp/libc_nano.a(libc_a-closer.o): in function `_close_r':
/build/newlib-Ipb6mw/newlib-4.6.0.20260123/build_nano/arm-none-eabi/thumb/v6-m/nofp/newlib/../../../../../../newlib/libc/reent/closer.c:47:(.text+0xc): warning: _close is not implemented and will always fail
/usr/lib/gcc/arm-none-eabi/14.2.1/../../../arm-none-eabi/bin/ld: /usr/lib/gcc/arm-none-eabi/14.2.1/../../../arm-none-eabi/lib/thumb/v6-m/nofp/libc_nano.a(libc_a-closer.o): note: the message above does not take linker garbage collection into account
/usr/lib/gcc/arm-none-eabi/14.2.1/../../../arm-none-eabi/bin/ld: /usr/lib/gcc/arm-none-eabi/14.2.1/../../../arm-none-eabi/lib/thumb/v6-m/nofp/libc_nano.a(libc_a-fstatr.o): in function `_fstat_r':
/build/newlib-Ipb6mw/newlib-4.6.0.20260123/build_nano/arm-none-eabi/thumb/v6-m/nofp/newlib/../../../../../../newlib/libc/reent/fstatr.c:55:(.text+0xe): warning: _fstat is not implemented and will always fail
/usr/lib/gcc/arm-none-eabi/14.2.1/../../../arm-none-eabi/bin/ld: /usr/lib/gcc/arm-none-eabi/14.2.1/../../../arm-none-eabi/lib/thumb/v6-m/nofp/libc_nano.a(libc_a-fstatr.o): note: the message above does not take linker garbage collection into account
/usr/lib/gcc/arm-none-eabi/14.2.1/../../../arm-none-eabi/bin/ld: /usr/lib/gcc/arm-none-eabi/14.2.1/../../../arm-none-eabi/lib/thumb/v6-m/nofp/libc_nano.a(libc_a-signalr.o): in function `_getpid_r':
/build/newlib-Ipb6mw/newlib-4.6.0.20260123/build_nano/arm-none-eabi/thumb/v6-m/nofp/newlib/../../../../../../newlib/libc/reent/signalr.c:83:(.text+0x2a): warning: _getpid is not implemented and will always fail
/usr/lib/gcc/arm-none-eabi/14.2.1/../../../arm-none-eabi/bin/ld: /usr/lib/gcc/arm-none-eabi/14.2.1/../../../arm-none-eabi/lib/thumb/v6-m/nofp/libc_nano.a(libc_a-signalr.o): note: the message above does not take linker garbage collection into account
/usr/lib/gcc/arm-none-eabi/14.2.1/../../../arm-none-eabi/bin/ld: /usr/lib/gcc/arm-none-eabi/14.2.1/../../../arm-none-eabi/lib/thumb/v6-m/nofp/libc_nano.a(libc_a-isattyr.o): in function `_isatty_r':
/build/newlib-Ipb6mw/newlib-4.6.0.20260123/build_nano/arm-none-eabi/thumb/v6-m/nofp/newlib/../../../../../../newlib/libc/reent/isattyr.c:52:(.text+0xc): warning: _isatty is not implemented and will always fail
/usr/lib/gcc/arm-none-eabi/14.2.1/../../../arm-none-eabi/bin/ld: /usr/lib/gcc/arm-none-eabi/14.2.1/../../../arm-none-eabi/lib/thumb/v6-m/nofp/libc_nano.a(libc_a-isattyr.o): note: the message above does not take linker garbage collection into account
/usr/lib/gcc/arm-none-eabi/14.2.1/../../../arm-none-eabi/bin/ld: /usr/lib/gcc/arm-none-eabi/14.2.1/../../../arm-none-eabi/lib/thumb/v6-m/nofp/libc_nano.a(libc_a-signalr.o): in function `_kill_r':
/build/newlib-Ipb6mw/newlib-4.6.0.20260123/build_nano/arm-none-eabi/thumb/v6-m/nofp/newlib/../../../../../../newlib/libc/reent/signalr.c:53:(.text+0xe): warning: _kill is not implemented and will always fail
/usr/lib/gcc/arm-none-eabi/14.2.1/../../../arm-none-eabi/bin/ld: /usr/lib/gcc/arm-none-eabi/14.2.1/../../../arm-none-eabi/lib/thumb/v6-m/nofp/libc_nano.a(libc_a-signalr.o): note: the message above does not take linker garbage collection into account
/usr/lib/gcc/arm-none-eabi/14.2.1/../../../arm-none-eabi/bin/ld: /usr/lib/gcc/arm-none-eabi/14.2.1/../../../arm-none-eabi/lib/thumb/v6-m/nofp/libc_nano.a(libc_a-lseekr.o): in function `_lseek_r':
/build/newlib-Ipb6mw/newlib-4.6.0.20260123/build_nano/arm-none-eabi/thumb/v6-m/nofp/newlib/../../../../../../newlib/libc/reent/lseekr.c:49:(.text+0x10): warning: _lseek is not implemented and will always fail
/usr/lib/gcc/arm-none-eabi/14.2.1/../../../arm-none-eabi/bin/ld: /usr/lib/gcc/arm-none-eabi/14.2.1/../../../arm-none-eabi/lib/thumb/v6-m/nofp/libc_nano.a(libc_a-lseekr.o): note: the message above does not take linker garbage collection into account
/usr/lib/gcc/arm-none-eabi/14.2.1/../../../arm-none-eabi/bin/ld: /usr/lib/gcc/arm-none-eabi/14.2.1/../../../arm-none-eabi/lib/thumb/v6-m/nofp/libc_nano.a(libc_a-readr.o): in function `_read_r':
/build/newlib-Ipb6mw/newlib-4.6.0.20260123/build_nano/arm-none-eabi/thumb/v6-m/nofp/newlib/../../../../../../newlib/libc/reent/readr.c:49:(.text+0x10): warning: _read is not implemented and will always fail
/usr/lib/gcc/arm-none-eabi/14.2.1/../../../arm-none-eabi/bin/ld: /usr/lib/gcc/arm-none-eabi/14.2.1/../../../arm-none-eabi/lib/thumb/v6-m/nofp/libc_nano.a(libc_a-readr.o): note: the message above does not take linker garbage collection into account
arm-none-eabi-size bin/lps-node-firmware.elf
   text	   data	    bss	    dec	    hex	filename
  97148	   1012	  14716	 112876	  1b8ec	bin/lps-node-firmware.elf
BOOTLOADER Support: 0
arm-none-eabi-objcopy bin/lps-node-firmware.elf -O binary bin/lps-node-firmware.bin
arm-none-eabi-objcopy -O ihex bin/lps-node-firmware.elf bin/lps-node-firmware.hex
python3 tools/make/dfu-convert.py -b 0x8000000:bin/lps-node-firmware.bin bin/lps-node-firmware.dfu
rm bin/lps-node-firmware.bin
